#-----------------------------------------------------------
# Vivado v2017.4 (64-bit)
# SW Build 2086221 on Fri Dec 15 20:55:39 MST 2017
# IP Build 2085800 on Fri Dec 15 22:25:07 MST 2017
# Start of session at: Tue Jan  2 23:19:39 2018
# Process ID: 3868
# Current directory: F:/game
# Command line: vivado.exe -gui_launcher_event rodinguilauncherevent1988 F:\game\game.xpr
# Log file: F:/game/vivado.log
# Journal file: F:/game\vivado.jou
#-----------------------------------------------------------
start_gui
open_project F:/game/game.xpr
INFO: [Project 1-313] Project file moved from 'C:/Users/alan/Desktop/Things/logic design/game' since last save.
Scanning sources...
Finished scanning sources
INFO: [IP_Flow 19-234] Refreshing IP repositories
INFO: [IP_Flow 19-1704] No user IP repositories specified
INFO: [IP_Flow 19-2313] Loaded Vivado IP repository 'F:/vivado/Vivado/2017.4/data/ip'.
open_project: Time (s): cpu = 00:00:14 ; elapsed = 00:00:12 . Memory (MB): peak = 887.250 ; gain = 132.668
update_compile_order -fileset sources_1
exit
