#-----------------------------------------------------------
# Vivado v2017.4 (64-bit)
# SW Build 2086221 on Fri Dec 15 20:55:39 MST 2017
# IP Build 2085800 on Fri Dec 15 22:25:07 MST 2017
# Start of session at: Thu Dec 28 23:58:48 2017
# Process ID: 5824
# Current directory: C:/Users/alan/Desktop/Things/game
# Command line: vivado.exe -gui_launcher_event rodinguilauncherevent2076 C:\Users\alan\Desktop\Things\game\game.xpr
# Log file: C:/Users/alan/Desktop/Things/game/vivado.log
# Journal file: C:/Users/alan/Desktop/Things/game\vivado.jou
#-----------------------------------------------------------
start_gui
open_project C:/Users/alan/Desktop/Things/game/game.xpr
INFO: [Project 1-313] Project file moved from 'F:/game' since last save.
Scanning sources...
Finished scanning sources
INFO: [IP_Flow 19-234] Refreshing IP repositories
INFO: [IP_Flow 19-1704] No user IP repositories specified
INFO: [IP_Flow 19-2313] Loaded Vivado IP repository 'C:/Xilinx/Vivado/2017.4/data/ip'.
open_project: Time (s): cpu = 00:00:10 ; elapsed = 00:00:07 . Memory (MB): peak = 801.172 ; gain = 95.566
update_compile_order -fileset sources_1
exit
INFO: [Common 17-206] Exiting Vivado at Fri Dec 29 00:01:29 2017...
